<?xml version="1.0" encoding="UTF-8"?>
<testsuite xmlns:xsi="http://www.w3.org/2001/XMLSchema-instance" xsi:noNamespaceSchemaLocation="https://maven.apache.org/surefire/maven-surefire-plugin/xsd/surefire-test-report.xsd" name="org.jboss.test.arquillian.ce.eap72.Eap72ClusteringTest" time="808.066" tests="3" errors="0" skipped="0" failures="2">
  <properties>
[...]
</properties>
  <testcase name="testAppStillWorksWhenScalingDown" classname="org.jboss.test.arquillian.ce.eap72.Eap72ClusteringTest" time="285.765"/>
  <testcase name="testSession" classname="org.jboss.test.arquillian.ce.eap72.Eap72ClusteringTest" time="181.968">
    <failure message="https://127.0.0.1:8443/api/v1/namespaces/test-arq-eap72-7a5addcd/pods/eap-app-1-7zzfd:8080/proxy/cluster1/StoreInSession expected:&lt;[8c235604-e0ec-4f3a-91a3-6fa7ee13ecfc]&gt; but was:&lt;[null]&gt;" type="org.junit.ComparisonFailure"><![CDATA[org.junit.ComparisonFailure: https://127.0.0.1:8443/api/v1/namespaces/test-arq-eap72-7a5addcd/pods/eap-app-1-7zzfd:8080/proxy/cluster1/StoreInSession expected:<[8c235604-e0ec-4f3a-91a3-6fa7ee13ecfc]> but was:<[null]>
	at org.junit.Assert.assertEquals(Assert.java:115)
	at org.jboss.test.arquillian.ce.common.EapClusteringTestBase.testSession(EapClusteringTestBase.java:99)
	at sun.reflect.NativeMethodAccessorImpl.invoke0(Native Method)
	at sun.reflect.NativeMethodAccessorImpl.invoke(NativeMethodAccessorImpl.java:62)
	at sun.reflect.DelegatingMethodAccessorImpl.invoke(DelegatingMethodAccessorImpl.java:43)
	at java.lang.reflect.Method.invoke(Method.java:498)
	at org.junit.runners.model.FrameworkMethod$1.runReflectiveCall(FrameworkMethod.java:50)
	at org.junit.internal.runners.model.ReflectiveCallable.run(ReflectiveCallable.java:12)
	at org.junit.runners.model.FrameworkMethod.invokeExplosively(FrameworkMethod.java:47)
	at org.jboss.arquillian.junit.Arquillian$8$1.invokeMethod(Arquillian.java:325)
	at org.jboss.arquillian.junit.MethodInvoker$1.invoke(MethodInvoker.java:18)
	at org.jboss.arquillian.container.test.impl.execution.LocalTestExecuter.execute(LocalTestExecuter.java:57)
	at sun.reflect.NativeMethodAccessorImpl.invoke0(Native Method)
	at sun.reflect.NativeMethodAccessorImpl.invoke(NativeMethodAccessorImpl.java:62)
	at sun.reflect.DelegatingMethodAccessorImpl.invoke(DelegatingMethodAccessorImpl.java:43)
	at java.lang.reflect.Method.invoke(Method.java:498)
	at org.jboss.arquillian.core.impl.ObserverImpl.invoke(ObserverImpl.java:86)
	at org.jboss.arquillian.core.impl.EventContextImpl.invokeObservers(EventContextImpl.java:103)
	at org.jboss.arquillian.core.impl.EventContextImpl.proceed(EventContextImpl.java:90)
	at org.jboss.arquillian.core.impl.ManagerImpl.fire(ManagerImpl.java:133)
	at org.jboss.arquillian.core.impl.ManagerImpl.fire(ManagerImpl.java:105)
	at org.jboss.arquillian.core.impl.EventImpl.fire(EventImpl.java:62)
	at org.jboss.arquillian.container.test.impl.execution.ClientTestExecuter.execute(ClientTestExecuter.java:50)
	at sun.reflect.NativeMethodAccessorImpl.invoke0(Native Method)
	at sun.reflect.NativeMethodAccessorImpl.invoke(NativeMethodAccessorImpl.java:62)
	at sun.reflect.DelegatingMethodAccessorImpl.invoke(DelegatingMethodAccessorImpl.java:43)
	at java.lang.reflect.Method.invoke(Method.java:498)
	at org.jboss.arquillian.core.impl.ObserverImpl.invoke(ObserverImpl.java:86)
	at org.jboss.arquillian.core.impl.EventContextImpl.invokeObservers(EventContextImpl.java:103)
	at org.jboss.arquillian.core.impl.EventContextImpl.proceed(EventContextImpl.java:90)
	at org.jboss.arquillian.container.test.impl.client.ContainerEventController.createContext(ContainerEventController.java:128)
	at org.jboss.arquillian.container.test.impl.client.ContainerEventController.createTestContext(ContainerEventController.java:118)
	at sun.reflect.NativeMethodAccessorImpl.invoke0(Native Method)
	at sun.reflect.NativeMethodAccessorImpl.invoke(NativeMethodAccessorImpl.java:62)
	at sun.reflect.DelegatingMethodAccessorImpl.invoke(DelegatingMethodAccessorImpl.java:43)
	at java.lang.reflect.Method.invoke(Method.java:498)
	at org.jboss.arquillian.core.impl.ObserverImpl.invoke(ObserverImpl.java:86)
	at org.jboss.arquillian.core.impl.EventContextImpl.proceed(EventContextImpl.java:95)
	at org.jboss.arquillian.test.impl.TestContextHandler.createTestContext(TestContextHandler.java:116)
	at sun.reflect.NativeMethodAccessorImpl.invoke0(Native Method)
	at sun.reflect.NativeMethodAccessorImpl.invoke(NativeMethodAccessorImpl.java:62)
	at sun.reflect.DelegatingMethodAccessorImpl.invoke(DelegatingMethodAccessorImpl.java:43)
	at java.lang.reflect.Method.invoke(Method.java:498)
	at org.jboss.arquillian.core.impl.ObserverImpl.invoke(ObserverImpl.java:86)
	at org.jboss.arquillian.core.impl.EventContextImpl.proceed(EventContextImpl.java:95)
	at org.jboss.arquillian.test.impl.TestContextHandler.createSuiteContext(TestContextHandler.java:69)
	at sun.reflect.NativeMethodAccessorImpl.invoke0(Native Method)
	at sun.reflect.NativeMethodAccessorImpl.invoke(NativeMethodAccessorImpl.java:62)
	at sun.reflect.DelegatingMethodAccessorImpl.invoke(DelegatingMethodAccessorImpl.java:43)
	at java.lang.reflect.Method.invoke(Method.java:498)
	at org.jboss.arquillian.core.impl.ObserverImpl.invoke(ObserverImpl.java:86)
	at org.jboss.arquillian.core.impl.EventContextImpl.proceed(EventContextImpl.java:95)
	at org.jboss.arquillian.test.impl.TestContextHandler.createClassContext(TestContextHandler.java:83)
	at sun.reflect.NativeMethodAccessorImpl.invoke0(Native Method)
	at sun.reflect.NativeMethodAccessorImpl.invoke(NativeMethodAccessorImpl.java:62)
	at sun.reflect.DelegatingMethodAccessorImpl.invoke(DelegatingMethodAccessorImpl.java:43)
	at java.lang.reflect.Method.invoke(Method.java:498)
	at org.jboss.arquillian.core.impl.ObserverImpl.invoke(ObserverImpl.java:86)
	at org.jboss.arquillian.core.impl.EventContextImpl.proceed(EventContextImpl.java:95)
	at org.jboss.arquillian.core.impl.ManagerImpl.fire(ManagerImpl.java:133)
	at org.jboss.arquillian.test.impl.EventTestRunnerAdaptor.test(EventTestRunnerAdaptor.java:139)
	at org.jboss.arquillian.junit.MethodInvoker.invoke(MethodInvoker.java:15)
	at org.jboss.arquillian.junit.Arquillian$8.evaluate(Arquillian.java:332)
	at org.jboss.arquillian.junit.Arquillian$4.evaluate(Arquillian.java:204)
	at org.jboss.arquillian.junit.Arquillian.multiExecute(Arquillian.java:350)
	at org.jboss.arquillian.junit.Arquillian.access$200(Arquillian.java:54)
	at org.jboss.arquillian.junit.Arquillian$5.evaluate(Arquillian.java:215)
	at org.jboss.arquillian.junit.Arquillian$7$1.invoke(Arquillian.java:279)
	at org.jboss.arquillian.container.test.impl.execution.ClientBeforeAfterLifecycleEventExecuter.execute(ClientBeforeAfterLifecycleEventExecuter.java:88)
	at org.jboss.arquillian.container.test.impl.execution.ClientBeforeAfterLifecycleEventExecuter.on(ClientBeforeAfterLifecycleEventExecuter.java:66)
	at sun.reflect.NativeMethodAccessorImpl.invoke0(Native Method)
	at sun.reflect.NativeMethodAccessorImpl.invoke(NativeMethodAccessorImpl.java:62)
	at sun.reflect.DelegatingMethodAccessorImpl.invoke(DelegatingMethodAccessorImpl.java:43)
	at java.lang.reflect.Method.invoke(Method.java:498)
	at org.jboss.arquillian.core.impl.ObserverImpl.invoke(ObserverImpl.java:86)
	at org.jboss.arquillian.core.impl.EventContextImpl.invokeObservers(EventContextImpl.java:103)
	at org.jboss.arquillian.core.impl.EventContextImpl.proceed(EventContextImpl.java:90)
	at org.jboss.arquillian.container.test.impl.client.ContainerEventController.createContext(ContainerEventController.java:128)
	at org.jboss.arquillian.container.test.impl.client.ContainerEventController.createBeforeContext(ContainerEventController.java:114)
	at sun.reflect.NativeMethodAccessorImpl.invoke0(Native Method)
	at sun.reflect.NativeMethodAccessorImpl.invoke(NativeMethodAccessorImpl.java:62)
	at sun.reflect.DelegatingMethodAccessorImpl.invoke(DelegatingMethodAccessorImpl.java:43)
	at java.lang.reflect.Method.invoke(Method.java:498)
	at org.jboss.arquillian.core.impl.ObserverImpl.invoke(ObserverImpl.java:86)
	at org.jboss.arquillian.core.impl.EventContextImpl.proceed(EventContextImpl.java:95)
	at org.jboss.arquillian.test.impl.TestContextHandler.createTestContext(TestContextHandler.java:116)
	at sun.reflect.NativeMethodAccessorImpl.invoke0(Native Method)
	at sun.reflect.NativeMethodAccessorImpl.invoke(NativeMethodAccessorImpl.java:62)
	at sun.reflect.DelegatingMethodAccessorImpl.invoke(DelegatingMethodAccessorImpl.java:43)
	at java.lang.reflect.Method.invoke(Method.java:498)
	at org.jboss.arquillian.core.impl.ObserverImpl.invoke(ObserverImpl.java:86)
	at org.jboss.arquillian.core.impl.EventContextImpl.proceed(EventContextImpl.java:95)
	at org.jboss.arquillian.test.impl.TestContextHandler.createSuiteContext(TestContextHandler.java:69)
	at sun.reflect.NativeMethodAccessorImpl.invoke0(Native Method)
	at sun.reflect.NativeMethodAccessorImpl.invoke(NativeMethodAccessorImpl.java:62)
	at sun.reflect.DelegatingMethodAccessorImpl.invoke(DelegatingMethodAccessorImpl.java:43)
	at java.lang.reflect.Method.invoke(Method.java:498)
	at org.jboss.arquillian.core.impl.ObserverImpl.invoke(ObserverImpl.java:86)
	at org.jboss.arquillian.core.impl.EventContextImpl.proceed(EventContextImpl.java:95)
	at org.jboss.arquillian.test.impl.TestContextHandler.createClassContext(TestContextHandler.java:83)
	at sun.reflect.NativeMethodAccessorImpl.invoke0(Native Method)
	at sun.reflect.NativeMethodAccessorImpl.invoke(NativeMethodAccessorImpl.java:62)
	at sun.reflect.DelegatingMethodAccessorImpl.invoke(DelegatingMethodAccessorImpl.java:43)
	at java.lang.reflect.Method.invoke(Method.java:498)
	at org.jboss.arquillian.core.impl.ObserverImpl.invoke(ObserverImpl.java:86)
	at org.jboss.arquillian.core.impl.EventContextImpl.proceed(EventContextImpl.java:95)
	at org.jboss.arquillian.core.impl.ManagerImpl.fire(ManagerImpl.java:133)
	at org.jboss.arquillian.core.impl.ManagerImpl.fire(ManagerImpl.java:105)
	at org.jboss.arquillian.test.impl.EventTestRunnerAdaptor.fireCustomLifecycle(EventTestRunnerAdaptor.java:159)
	at org.jboss.arquillian.junit.Arquillian$7.evaluate(Arquillian.java:273)
	at org.junit.runners.ParentRunner.runLeaf(ParentRunner.java:325)
	at org.junit.runners.BlockJUnit4ClassRunner.runChild(BlockJUnit4ClassRunner.java:78)
	at org.junit.runners.BlockJUnit4ClassRunner.runChild(BlockJUnit4ClassRunner.java:57)
	at org.junit.runners.ParentRunner$3.run(ParentRunner.java:290)
	at org.junit.runners.ParentRunner$1.schedule(ParentRunner.java:71)
	at org.junit.runners.ParentRunner.runChildren(ParentRunner.java:288)
	at org.junit.runners.ParentRunner.access$000(ParentRunner.java:58)
	at org.junit.runners.ParentRunner$2.evaluate(ParentRunner.java:268)
	at org.jboss.arquillian.junit.Arquillian$2.evaluate(Arquillian.java:166)
	at org.jboss.arquillian.junit.Arquillian.multiExecute(Arquillian.java:350)
	at org.jboss.arquillian.junit.Arquillian.access$200(Arquillian.java:54)
	at org.jboss.arquillian.junit.Arquillian$3.evaluate(Arquillian.java:177)
	at org.junit.runners.ParentRunner.run(ParentRunner.java:363)
	at org.jboss.arquillian.junit.Arquillian.run(Arquillian.java:115)
	at org.apache.maven.surefire.junit4.JUnit4Provider.execute(JUnit4Provider.java:369)
	at org.apache.maven.surefire.junit4.JUnit4Provider.executeWithRerun(JUnit4Provider.java:275)
	at org.apache.maven.surefire.junit4.JUnit4Provider.executeTestSet(JUnit4Provider.java:239)
	at org.apache.maven.surefire.junit4.JUnit4Provider.invoke(JUnit4Provider.java:160)
	at org.apache.maven.surefire.booter.ForkedBooter.invokeProviderInSameClassLoader(ForkedBooter.java:373)
	at org.apache.maven.surefire.booter.ForkedBooter.runSuitesInProcess(ForkedBooter.java:334)
	at org.apache.maven.surefire.booter.ForkedBooter.execute(ForkedBooter.java:119)
	at org.apache.maven.surefire.booter.ForkedBooter.main(ForkedBooter.java:407)
]]></failure>
    <system-out><![CDATA[Scaling to: 2
[2018-11-13T21:46:08Z] [Normal] [DeploymentConfig:eap-app]: (ReplicationControllerScaled) Scaled replication controller "eap-app-1" from 1 to 2

[2018-11-13T21:46:08Z] [Normal] [ReplicationController:eap-app-1]: (SuccessfulCreate) Created pod: eap-app-1-7zzfd

[2018-11-13T21:46:08Z] [Normal] [Pod:eap-app-1-7zzfd]: (Scheduled) Successfully assigned test-arq-eap72-7a5addcd/eap-app-1-7zzfd to localhost

[2018-11-13T21:46:09Z] [Normal] [Pod:eap-app-1-7zzfd]: (Pulling) pulling image "172.30.1.1:5000/test-arq-eap72-7a5addcd/eap-app@sha256:c419bea66c5af68cf3ccf40a9ea370d59bc824a1b526ad1cae452d55f6581410"

[2018-11-13T21:46:09Z] [Normal] [Pod:eap-app-1-7zzfd]: (Pulled) Successfully pulled image "172.30.1.1:5000/test-arq-eap72-7a5addcd/eap-app@sha256:c419bea66c5af68cf3ccf40a9ea370d59bc824a1b526ad1cae452d55f6581410"

[2018-11-13T21:46:09Z] [Normal] [Pod:eap-app-1-7zzfd]: (Created) Created container

[2018-11-13T21:46:10Z] [Normal] [Pod:eap-app-1-7zzfd]: (Started) Started container

Total Pods: 2
Pod: eap-app-1-7zzfd
Pod: eap-app-1-gpghv
ServletURL: https://127.0.0.1:8443/api/v1/namespaces/test-arq-eap72-7a5addcd/pods/eap-app-1-7zzfd:8080/proxy/cluster1/StoreInSession
Response: OK
Cookie: JSESSIONID=KoSJh3G5uzfQSm9oB4nVFSt3T1hpEoYoTpy8lY9l.eap-app-1-7zzfd; path=/cluster1
RetrieveURL: https://127.0.0.1:8443/api/v1/namespaces/test-arq-eap72-7a5addcd/pods/eap-app-1-gpghv:8080/proxy/cluster1/StoreInSession
Scaling to: 3
[2018-11-13T21:46:25Z] [Normal] [DeploymentConfig:eap-app]: (ReplicationControllerScaled) Scaled replication controller "eap-app-1" from 2 to 3

[2018-11-13T21:46:25Z] [Normal] [ReplicationController:eap-app-1]: (SuccessfulCreate) Created pod: eap-app-1-rvrd7

[2018-11-13T21:46:25Z] [Normal] [Pod:eap-app-1-rvrd7]: (Scheduled) Successfully assigned test-arq-eap72-7a5addcd/eap-app-1-rvrd7 to localhost

[2018-11-13T21:46:26Z] [Normal] [Pod:eap-app-1-rvrd7]: (Pulling) pulling image "172.30.1.1:5000/test-arq-eap72-7a5addcd/eap-app@sha256:c419bea66c5af68cf3ccf40a9ea370d59bc824a1b526ad1cae452d55f6581410"

[2018-11-13T21:46:26Z] [Normal] [Pod:eap-app-1-rvrd7]: (Pulled) Successfully pulled image "172.30.1.1:5000/test-arq-eap72-7a5addcd/eap-app@sha256:c419bea66c5af68cf3ccf40a9ea370d59bc824a1b526ad1cae452d55f6581410"

[2018-11-13T21:46:26Z] [Normal] [Pod:eap-app-1-rvrd7]: (Created) Created container

[2018-11-13T21:46:27Z] [Normal] [Pod:eap-app-1-rvrd7]: (Started) Started container

Total Pods: 3
Pod: eap-app-1-7zzfd
Pod: eap-app-1-gpghv
Pod: eap-app-1-rvrd7
RetrieveURL: https://127.0.0.1:8443/api/v1/namespaces/test-arq-eap72-7a5addcd/pods/eap-app-1-rvrd7:8080/proxy/cluster1/StoreInSession
]]></system-out>
    <system-err><![CDATA[Nov 13, 2018 3:46:08 PM org.arquillian.cube.openshift.impl.CEEnvironmentProcessor createOpenShiftResource
INFO: Creating environment for org.jboss.test.arquillian.ce.eap72.Eap72ClusteringTest method public void org.jboss.test.arquillian.ce.common.EapClusteringTestBase.testSession() throws java.lang.Exception
Nov 13, 2018 3:46:08 PM org.arquillian.cube.kubernetes.impl.resources.KubernetesResourcesApplier applyKubernetesResourcesAtMethodScope
INFO: Creating environment for org.jboss.test.arquillian.ce.eap72.Eap72ClusteringTest method testSession
Nov 13, 2018 3:46:08 PM org.arquillian.cube.openshift.impl.utils.Containers delay
INFO: Applying checker [Number of pod(s) matching labels: {deploymentConfig=eap-app} is EQUAL 2], timeout: 600s, check period: 4000ms
Nov 13, 2018 3:46:24 PM org.arquillian.cube.openshift.impl.adapter.AbstractOpenShiftAdapter$PodCountChecker check
INFO: Condition satisfied: number of pod(s) matching labels: {deploymentConfig=eap-app} is EQUAL 2 (pods: [eap-app-1-7zzfd, eap-app-1-gpghv])
Nov 13, 2018 3:46:24 PM org.arquillian.cube.openshift.impl.utils.Containers delay
INFO: Checker [Number of pod(s) matching labels: {deploymentConfig=eap-app} is EQUAL 2] is ready.
Nov 13, 2018 3:46:25 PM org.arquillian.cube.openshift.impl.utils.Containers delay
INFO: Applying checker [Number of pod(s) matching labels: {deploymentConfig=eap-app} is EQUAL 3], timeout: 600s, check period: 4000ms
Nov 13, 2018 3:49:10 PM org.arquillian.cube.openshift.impl.adapter.AbstractOpenShiftAdapter$PodCountChecker check
INFO: Condition satisfied: number of pod(s) matching labels: {deploymentConfig=eap-app} is EQUAL 3 (pods: [eap-app-1-7zzfd, eap-app-1-gpghv, eap-app-1-rvrd7])
Nov 13, 2018 3:49:10 PM org.arquillian.cube.openshift.impl.utils.Containers delay
INFO: Checker [Number of pod(s) matching labels: {deploymentConfig=eap-app} is EQUAL 3] is ready.
Nov 13, 2018 3:49:10 PM org.arquillian.cube.openshift.impl.CEEnvironmentProcessor deleteOpenShiftResource
INFO: Deleting environment for org.jboss.test.arquillian.ce.eap72.Eap72ClusteringTest method testSession
Nov 13, 2018 3:49:10 PM org.arquillian.cube.kubernetes.impl.resources.KubernetesResourcesApplier removeKubernetesResourcesAtMethodScope
INFO: Deleting environment for org.jboss.test.arquillian.ce.eap72.Eap72ClusteringTest method testSession
]]></system-err>
  </testcase>
  <testcase name="testSessionWithProxy" classname="org.jboss.test.arquillian.ce.eap72.Eap72ClusteringTest" time="220.198">
    <failure message="https://127.0.0.1:8443/api/v1/namespaces/test-arq-eap72-7a5addcd/pods/eap-app-2-52fq9:8080/proxy/cluster1/StoreInSession expected:&lt;[6523c67f-5d48-4976-a068-ae990d4e3edc]&gt; but was:&lt;[null]&gt;" type="org.junit.ComparisonFailure"><![CDATA[org.junit.ComparisonFailure: https://127.0.0.1:8443/api/v1/namespaces/test-arq-eap72-7a5addcd/pods/eap-app-2-52fq9:8080/proxy/cluster1/StoreInSession expected:<[6523c67f-5d48-4976-a068-ae990d4e3edc]> but was:<[null]>
	at org.junit.Assert.assertEquals(Assert.java:115)
	at org.jboss.test.arquillian.ce.common.EapClusteringTestBase.testSession(EapClusteringTestBase.java:99)
	at org.jboss.test.arquillian.ce.common.EapClusteringTestBase.testSessionWithProxy(EapClusteringTestBase.java:120)
	at sun.reflect.NativeMethodAccessorImpl.invoke0(Native Method)
	at sun.reflect.NativeMethodAccessorImpl.invoke(NativeMethodAccessorImpl.java:62)
	at sun.reflect.DelegatingMethodAccessorImpl.invoke(DelegatingMethodAccessorImpl.java:43)
	at java.lang.reflect.Method.invoke(Method.java:498)
	at org.junit.runners.model.FrameworkMethod$1.runReflectiveCall(FrameworkMethod.java:50)
	at org.junit.internal.runners.model.ReflectiveCallable.run(ReflectiveCallable.java:12)
	at org.junit.runners.model.FrameworkMethod.invokeExplosively(FrameworkMethod.java:47)
	at org.jboss.arquillian.junit.Arquillian$8$1.invokeMethod(Arquillian.java:325)
	at org.jboss.arquillian.junit.MethodInvoker$1.invoke(MethodInvoker.java:18)
	at org.jboss.arquillian.container.test.impl.execution.LocalTestExecuter.execute(LocalTestExecuter.java:57)
	at sun.reflect.NativeMethodAccessorImpl.invoke0(Native Method)
	at sun.reflect.NativeMethodAccessorImpl.invoke(NativeMethodAccessorImpl.java:62)
	at sun.reflect.DelegatingMethodAccessorImpl.invoke(DelegatingMethodAccessorImpl.java:43)
	at java.lang.reflect.Method.invoke(Method.java:498)
	at org.jboss.arquillian.core.impl.ObserverImpl.invoke(ObserverImpl.java:86)
	at org.jboss.arquillian.core.impl.EventContextImpl.invokeObservers(EventContextImpl.java:103)
	at org.jboss.arquillian.core.impl.EventContextImpl.proceed(EventContextImpl.java:90)
	at org.jboss.arquillian.core.impl.ManagerImpl.fire(ManagerImpl.java:133)
	at org.jboss.arquillian.core.impl.ManagerImpl.fire(ManagerImpl.java:105)
	at org.jboss.arquillian.core.impl.EventImpl.fire(EventImpl.java:62)
	at org.jboss.arquillian.container.test.impl.execution.ClientTestExecuter.execute(ClientTestExecuter.java:50)
	at sun.reflect.NativeMethodAccessorImpl.invoke0(Native Method)
	at sun.reflect.NativeMethodAccessorImpl.invoke(NativeMethodAccessorImpl.java:62)
	at sun.reflect.DelegatingMethodAccessorImpl.invoke(DelegatingMethodAccessorImpl.java:43)
	at java.lang.reflect.Method.invoke(Method.java:498)
	at org.jboss.arquillian.core.impl.ObserverImpl.invoke(ObserverImpl.java:86)
	at org.jboss.arquillian.core.impl.EventContextImpl.invokeObservers(EventContextImpl.java:103)
	at org.jboss.arquillian.core.impl.EventContextImpl.proceed(EventContextImpl.java:90)
	at org.jboss.arquillian.container.test.impl.client.ContainerEventController.createContext(ContainerEventController.java:128)
	at org.jboss.arquillian.container.test.impl.client.ContainerEventController.createTestContext(ContainerEventController.java:118)
	at sun.reflect.NativeMethodAccessorImpl.invoke0(Native Method)
	at sun.reflect.NativeMethodAccessorImpl.invoke(NativeMethodAccessorImpl.java:62)
	at sun.reflect.DelegatingMethodAccessorImpl.invoke(DelegatingMethodAccessorImpl.java:43)
	at java.lang.reflect.Method.invoke(Method.java:498)
	at org.jboss.arquillian.core.impl.ObserverImpl.invoke(ObserverImpl.java:86)
	at org.jboss.arquillian.core.impl.EventContextImpl.proceed(EventContextImpl.java:95)
	at org.jboss.arquillian.test.impl.TestContextHandler.createTestContext(TestContextHandler.java:116)
	at sun.reflect.NativeMethodAccessorImpl.invoke0(Native Method)
	at sun.reflect.NativeMethodAccessorImpl.invoke(NativeMethodAccessorImpl.java:62)
	at sun.reflect.DelegatingMethodAccessorImpl.invoke(DelegatingMethodAccessorImpl.java:43)
	at java.lang.reflect.Method.invoke(Method.java:498)
	at org.jboss.arquillian.core.impl.ObserverImpl.invoke(ObserverImpl.java:86)
	at org.jboss.arquillian.core.impl.EventContextImpl.proceed(EventContextImpl.java:95)
	at org.jboss.arquillian.test.impl.TestContextHandler.createSuiteContext(TestContextHandler.java:69)
	at sun.reflect.GeneratedMethodAccessor567.invoke(Unknown Source)
	at sun.reflect.DelegatingMethodAccessorImpl.invoke(DelegatingMethodAccessorImpl.java:43)
	at java.lang.reflect.Method.invoke(Method.java:498)
	at org.jboss.arquillian.core.impl.ObserverImpl.invoke(ObserverImpl.java:86)
	at org.jboss.arquillian.core.impl.EventContextImpl.proceed(EventContextImpl.java:95)
	at org.jboss.arquillian.test.impl.TestContextHandler.createClassContext(TestContextHandler.java:83)
	at sun.reflect.GeneratedMethodAccessor568.invoke(Unknown Source)
	at sun.reflect.DelegatingMethodAccessorImpl.invoke(DelegatingMethodAccessorImpl.java:43)
	at java.lang.reflect.Method.invoke(Method.java:498)
	at org.jboss.arquillian.core.impl.ObserverImpl.invoke(ObserverImpl.java:86)
	at org.jboss.arquillian.core.impl.EventContextImpl.proceed(EventContextImpl.java:95)
	at org.jboss.arquillian.core.impl.ManagerImpl.fire(ManagerImpl.java:133)
	at org.jboss.arquillian.test.impl.EventTestRunnerAdaptor.test(EventTestRunnerAdaptor.java:139)
	at org.jboss.arquillian.junit.MethodInvoker.invoke(MethodInvoker.java:15)
	at org.jboss.arquillian.junit.Arquillian$8.evaluate(Arquillian.java:332)
	at org.jboss.arquillian.junit.Arquillian$4.evaluate(Arquillian.java:204)
	at org.jboss.arquillian.junit.Arquillian.multiExecute(Arquillian.java:350)
	at org.jboss.arquillian.junit.Arquillian.access$200(Arquillian.java:54)
	at org.jboss.arquillian.junit.Arquillian$5.evaluate(Arquillian.java:215)
	at org.jboss.arquillian.junit.Arquillian$7$1.invoke(Arquillian.java:279)
	at org.jboss.arquillian.container.test.impl.execution.ClientBeforeAfterLifecycleEventExecuter.execute(ClientBeforeAfterLifecycleEventExecuter.java:88)
	at org.jboss.arquillian.container.test.impl.execution.ClientBeforeAfterLifecycleEventExecuter.on(ClientBeforeAfterLifecycleEventExecuter.java:66)
	at sun.reflect.NativeMethodAccessorImpl.invoke0(Native Method)
	at sun.reflect.NativeMethodAccessorImpl.invoke(NativeMethodAccessorImpl.java:62)
	at sun.reflect.DelegatingMethodAccessorImpl.invoke(DelegatingMethodAccessorImpl.java:43)
	at java.lang.reflect.Method.invoke(Method.java:498)
	at org.jboss.arquillian.core.impl.ObserverImpl.invoke(ObserverImpl.java:86)
	at org.jboss.arquillian.core.impl.EventContextImpl.invokeObservers(EventContextImpl.java:103)
	at org.jboss.arquillian.core.impl.EventContextImpl.proceed(EventContextImpl.java:90)
	at org.jboss.arquillian.container.test.impl.client.ContainerEventController.createContext(ContainerEventController.java:128)
	at org.jboss.arquillian.container.test.impl.client.ContainerEventController.createBeforeContext(ContainerEventController.java:114)
	at sun.reflect.NativeMethodAccessorImpl.invoke0(Native Method)
	at sun.reflect.NativeMethodAccessorImpl.invoke(NativeMethodAccessorImpl.java:62)
	at sun.reflect.DelegatingMethodAccessorImpl.invoke(DelegatingMethodAccessorImpl.java:43)
	at java.lang.reflect.Method.invoke(Method.java:498)
	at org.jboss.arquillian.core.impl.ObserverImpl.invoke(ObserverImpl.java:86)
	at org.jboss.arquillian.core.impl.EventContextImpl.proceed(EventContextImpl.java:95)
	at org.jboss.arquillian.test.impl.TestContextHandler.createTestContext(TestContextHandler.java:116)
	at sun.reflect.NativeMethodAccessorImpl.invoke0(Native Method)
	at sun.reflect.NativeMethodAccessorImpl.invoke(NativeMethodAccessorImpl.java:62)
	at sun.reflect.DelegatingMethodAccessorImpl.invoke(DelegatingMethodAccessorImpl.java:43)
	at java.lang.reflect.Method.invoke(Method.java:498)
	at org.jboss.arquillian.core.impl.ObserverImpl.invoke(ObserverImpl.java:86)
	at org.jboss.arquillian.core.impl.EventContextImpl.proceed(EventContextImpl.java:95)
	at org.jboss.arquillian.test.impl.TestContextHandler.createSuiteContext(TestContextHandler.java:69)
	at sun.reflect.NativeMethodAccessorImpl.invoke0(Native Method)
	at sun.reflect.NativeMethodAccessorImpl.invoke(NativeMethodAccessorImpl.java:62)
	at sun.reflect.DelegatingMethodAccessorImpl.invoke(DelegatingMethodAccessorImpl.java:43)
	at java.lang.reflect.Method.invoke(Method.java:498)
	at org.jboss.arquillian.core.impl.ObserverImpl.invoke(ObserverImpl.java:86)
	at org.jboss.arquillian.core.impl.EventContextImpl.proceed(EventContextImpl.java:95)
	at org.jboss.arquillian.test.impl.TestContextHandler.createClassContext(TestContextHandler.java:83)
	at sun.reflect.NativeMethodAccessorImpl.invoke0(Native Method)
	at sun.reflect.NativeMethodAccessorImpl.invoke(NativeMethodAccessorImpl.java:62)
	at sun.reflect.DelegatingMethodAccessorImpl.invoke(DelegatingMethodAccessorImpl.java:43)
	at java.lang.reflect.Method.invoke(Method.java:498)
	at org.jboss.arquillian.core.impl.ObserverImpl.invoke(ObserverImpl.java:86)
	at org.jboss.arquillian.core.impl.EventContextImpl.proceed(EventContextImpl.java:95)
	at org.jboss.arquillian.core.impl.ManagerImpl.fire(ManagerImpl.java:133)
	at org.jboss.arquillian.core.impl.ManagerImpl.fire(ManagerImpl.java:105)
	at org.jboss.arquillian.test.impl.EventTestRunnerAdaptor.fireCustomLifecycle(EventTestRunnerAdaptor.java:159)
	at org.jboss.arquillian.junit.Arquillian$7.evaluate(Arquillian.java:273)
	at org.junit.runners.ParentRunner.runLeaf(ParentRunner.java:325)
	at org.junit.runners.BlockJUnit4ClassRunner.runChild(BlockJUnit4ClassRunner.java:78)
	at org.junit.runners.BlockJUnit4ClassRunner.runChild(BlockJUnit4ClassRunner.java:57)
	at org.junit.runners.ParentRunner$3.run(ParentRunner.java:290)
	at org.junit.runners.ParentRunner$1.schedule(ParentRunner.java:71)
	at org.junit.runners.ParentRunner.runChildren(ParentRunner.java:288)
	at org.junit.runners.ParentRunner.access$000(ParentRunner.java:58)
	at org.junit.runners.ParentRunner$2.evaluate(ParentRunner.java:268)
	at org.jboss.arquillian.junit.Arquillian$2.evaluate(Arquillian.java:166)
	at org.jboss.arquillian.junit.Arquillian.multiExecute(Arquillian.java:350)
	at org.jboss.arquillian.junit.Arquillian.access$200(Arquillian.java:54)
	at org.jboss.arquillian.junit.Arquillian$3.evaluate(Arquillian.java:177)
	at org.junit.runners.ParentRunner.run(ParentRunner.java:363)
	at org.jboss.arquillian.junit.Arquillian.run(Arquillian.java:115)
	at org.apache.maven.surefire.junit4.JUnit4Provider.execute(JUnit4Provider.java:369)
	at org.apache.maven.surefire.junit4.JUnit4Provider.executeWithRerun(JUnit4Provider.java:275)
	at org.apache.maven.surefire.junit4.JUnit4Provider.executeTestSet(JUnit4Provider.java:239)
	at org.apache.maven.surefire.junit4.JUnit4Provider.invoke(JUnit4Provider.java:160)
	at org.apache.maven.surefire.booter.ForkedBooter.invokeProviderInSameClassLoader(ForkedBooter.java:373)
	at org.apache.maven.surefire.booter.ForkedBooter.runSuitesInProcess(ForkedBooter.java:334)
	at org.apache.maven.surefire.booter.ForkedBooter.execute(ForkedBooter.java:119)
	at org.apache.maven.surefire.booter.ForkedBooter.main(ForkedBooter.java:407)
]]></failure>
    <system-out><![CDATA[Scaling to: 1
[2018-11-13T21:49:11Z] [Normal] [DeploymentConfig:eap-app]: (ReplicationControllerScaled) Scaled replication controller "eap-app-1" from 3 to 1

[2018-11-13T21:49:11Z] [Normal] [ReplicationController:eap-app-1]: (SuccessfulDelete) Deleted pod: eap-app-1-7zzfd

[2018-11-13T21:49:11Z] [Normal] [ReplicationController:eap-app-1]: (SuccessfulDelete) Deleted pod: eap-app-1-rvrd7

[2018-11-13T21:49:14Z] [Normal] [Pod:eap-app-1-rvrd7]: (Killing) Killing container with id docker://eap-app:Need to kill Pod

[2018-11-13T21:49:15Z] [Normal] [Pod:eap-app-1-7zzfd]: (Killing) Killing container with id docker://eap-app:Need to kill Pod

Total Pods: 3
Pod: eap-app-1-7zzfd
Pod: eap-app-1-gpghv
Pod: eap-app-1-rvrd7
[2018-11-13T21:49:16Z] [Normal] [DeploymentConfig:eap-app]: (DeploymentCreated) Created new replication controller "eap-app-2" for version 2

[2018-11-13T21:49:16Z] [Normal] [Pod:eap-app-2-deploy]: (Scheduled) Successfully assigned test-arq-eap72-7a5addcd/eap-app-2-deploy to localhost

[2018-11-13T21:49:17Z] [Normal] [Pod:eap-app-2-deploy]: (Pulled) Container image "openshift/origin-deployer:v3.11" already present on machine

[2018-11-13T21:49:17Z] [Normal] [Pod:eap-app-2-deploy]: (Created) Created container

[2018-11-13T21:49:17Z] [Normal] [ReplicationController:eap-app-1]: (SuccessfulDelete) Deleted pod: eap-app-1-gpghv

[2018-11-13T21:49:18Z] [Normal] [Pod:eap-app-2-deploy]: (Started) Started container

[2018-11-13T21:49:21Z] [Normal] [Pod:eap-app-1-gpghv]: (Killing) Killing container with id docker://eap-app:Need to kill Pod

[2018-11-13T21:49:22Z] [Normal] [ReplicationController:eap-app-2]: (SuccessfulCreate) Created pod: eap-app-2-qdxbx

[2018-11-13T21:49:22Z] [Normal] [Pod:eap-app-2-qdxbx]: (Scheduled) Successfully assigned test-arq-eap72-7a5addcd/eap-app-2-qdxbx to localhost

[2018-11-13T21:49:23Z] [Normal] [Pod:eap-app-2-qdxbx]: (Pulling) pulling image "172.30.1.1:5000/test-arq-eap72-7a5addcd/eap-app@sha256:c419bea66c5af68cf3ccf40a9ea370d59bc824a1b526ad1cae452d55f6581410"

[2018-11-13T21:49:23Z] [Normal] [Pod:eap-app-2-qdxbx]: (Pulled) Successfully pulled image "172.30.1.1:5000/test-arq-eap72-7a5addcd/eap-app@sha256:c419bea66c5af68cf3ccf40a9ea370d59bc824a1b526ad1cae452d55f6581410"

[2018-11-13T21:49:24Z] [Normal] [Pod:eap-app-2-qdxbx]: (Created) Created container

[2018-11-13T21:49:24Z] [Normal] [Pod:eap-app-2-qdxbx]: (Started) Started container

Scaling to: 2
[2018-11-13T21:49:52Z] [Normal] [DeploymentConfig:eap-app]: (ReplicationControllerScaled) Scaled replication controller "eap-app-2" from 1 to 2

[2018-11-13T21:49:52Z] [Normal] [ReplicationController:eap-app-2]: (SuccessfulCreate) Created pod: eap-app-2-52fq9

[2018-11-13T21:49:52Z] [Normal] [Pod:eap-app-2-52fq9]: (Scheduled) Successfully assigned test-arq-eap72-7a5addcd/eap-app-2-52fq9 to localhost

[2018-11-13T21:49:53Z] [Normal] [Pod:eap-app-2-52fq9]: (Pulling) pulling image "172.30.1.1:5000/test-arq-eap72-7a5addcd/eap-app@sha256:c419bea66c5af68cf3ccf40a9ea370d59bc824a1b526ad1cae452d55f6581410"

[2018-11-13T21:49:53Z] [Normal] [Pod:eap-app-2-52fq9]: (Pulled) Successfully pulled image "172.30.1.1:5000/test-arq-eap72-7a5addcd/eap-app@sha256:c419bea66c5af68cf3ccf40a9ea370d59bc824a1b526ad1cae452d55f6581410"

[2018-11-13T21:49:53Z] [Normal] [Pod:eap-app-2-52fq9]: (Created) Created container

[2018-11-13T21:49:54Z] [Normal] [Pod:eap-app-2-52fq9]: (Started) Started container

Total Pods: 2
Pod: eap-app-2-52fq9
Pod: eap-app-2-qdxbx
ServletURL: https://127.0.0.1:8443/api/v1/namespaces/test-arq-eap72-7a5addcd/pods/eap-app-2-52fq9:8080/proxy/cluster1/StoreInSession
Response: OK
Cookie: JSESSIONID=xtiLFpHim-9g6Ulh4ZQ-ZzHHJRuPjxAvXpLeh913.eap-app-2-52fq9; path=/cluster1
RetrieveURL: https://127.0.0.1:8443/api/v1/namespaces/test-arq-eap72-7a5addcd/pods/eap-app-2-qdxbx:8080/proxy/cluster1/StoreInSession
Scaling to: 3
[2018-11-13T21:50:06Z] [Normal] [DeploymentConfig:eap-app]: (ReplicationControllerScaled) (combined from similar events): Scaled replication controller "eap-app-2" from 2 to 3

[2018-11-13T21:50:06Z] [Normal] [ReplicationController:eap-app-2]: (SuccessfulCreate) Created pod: eap-app-2-z9lkv

[2018-11-13T21:50:06Z] [Normal] [Pod:eap-app-2-z9lkv]: (Scheduled) Successfully assigned test-arq-eap72-7a5addcd/eap-app-2-z9lkv to localhost

[2018-11-13T21:50:06Z] [Normal] [Pod:eap-app-2-z9lkv]: (Pulling) pulling image "172.30.1.1:5000/test-arq-eap72-7a5addcd/eap-app@sha256:c419bea66c5af68cf3ccf40a9ea370d59bc824a1b526ad1cae452d55f6581410"

[2018-11-13T21:50:06Z] [Normal] [Pod:eap-app-2-z9lkv]: (Pulled) Successfully pulled image "172.30.1.1:5000/test-arq-eap72-7a5addcd/eap-app@sha256:c419bea66c5af68cf3ccf40a9ea370d59bc824a1b526ad1cae452d55f6581410"

[2018-11-13T21:50:07Z] [Normal] [Pod:eap-app-2-z9lkv]: (Created) Created container

[2018-11-13T21:50:07Z] [Normal] [Pod:eap-app-2-z9lkv]: (Started) Started container

Total Pods: 3
Pod: eap-app-2-52fq9
Pod: eap-app-2-qdxbx
Pod: eap-app-2-z9lkv
RetrieveURL: https://127.0.0.1:8443/api/v1/namespaces/test-arq-eap72-7a5addcd/pods/eap-app-2-z9lkv:8080/proxy/cluster1/StoreInSession
]]></system-out>
    <system-err><![CDATA[Nov 13, 2018 3:49:10 PM org.arquillian.cube.openshift.impl.CEEnvironmentProcessor createOpenShiftResource
INFO: Creating environment for org.jboss.test.arquillian.ce.eap72.Eap72ClusteringTest method public void org.jboss.test.arquillian.ce.common.EapClusteringTestBase.testSessionWithProxy() throws java.lang.Exception
Nov 13, 2018 3:49:10 PM org.arquillian.cube.kubernetes.impl.resources.KubernetesResourcesApplier applyKubernetesResourcesAtMethodScope
INFO: Creating environment for org.jboss.test.arquillian.ce.eap72.Eap72ClusteringTest method testSessionWithProxy
Nov 13, 2018 3:49:11 PM org.arquillian.cube.openshift.impl.utils.Containers delay
INFO: Applying checker [Number of pod(s) matching labels: {deploymentConfig=eap-app} is EQUAL 1], timeout: 600s, check period: 4000ms
Nov 13, 2018 3:49:15 PM org.arquillian.cube.openshift.impl.adapter.AbstractOpenShiftAdapter$PodCountChecker check
INFO: Condition satisfied: number of pod(s) matching labels: {deploymentConfig=eap-app} is EQUAL 1 (pods: [eap-app-1-gpghv])
Nov 13, 2018 3:49:15 PM org.arquillian.cube.openshift.impl.utils.Containers delay
INFO: Checker [Number of pod(s) matching labels: {deploymentConfig=eap-app} is EQUAL 1] is ready.
Nov 13, 2018 3:49:16 PM org.arquillian.cube.openshift.impl.utils.Containers delay
INFO: Applying checker [org.arquillian.cube.openshift.impl.fabric8.F8OpenShiftAdapter$1@3bed1a0b], timeout: 600s, check period: 3000ms
Nov 13, 2018 3:49:52 PM org.arquillian.cube.openshift.impl.utils.Containers delay
INFO: Checker [org.arquillian.cube.openshift.impl.fabric8.F8OpenShiftAdapter$1@3bed1a0b] is ready.
Nov 13, 2018 3:49:52 PM org.arquillian.cube.openshift.impl.utils.Containers delay
INFO: Applying checker [Number of pod(s) matching labels: {deploymentConfig=eap-app} is EQUAL 2], timeout: 600s, check period: 4000ms
Nov 13, 2018 3:50:04 PM org.arquillian.cube.openshift.impl.adapter.AbstractOpenShiftAdapter$PodCountChecker check
INFO: Condition satisfied: number of pod(s) matching labels: {deploymentConfig=eap-app} is EQUAL 2 (pods: [eap-app-2-52fq9, eap-app-2-qdxbx])
Nov 13, 2018 3:50:04 PM org.arquillian.cube.openshift.impl.utils.Containers delay
INFO: Checker [Number of pod(s) matching labels: {deploymentConfig=eap-app} is EQUAL 2] is ready.
Nov 13, 2018 3:50:05 PM org.arquillian.cube.openshift.impl.utils.Containers delay
INFO: Applying checker [Number of pod(s) matching labels: {deploymentConfig=eap-app} is EQUAL 3], timeout: 600s, check period: 4000ms
Nov 13, 2018 3:52:50 PM org.arquillian.cube.openshift.impl.adapter.AbstractOpenShiftAdapter$PodCountChecker check
INFO: Condition satisfied: number of pod(s) matching labels: {deploymentConfig=eap-app} is EQUAL 3 (pods: [eap-app-2-52fq9, eap-app-2-qdxbx, eap-app-2-z9lkv])
Nov 13, 2018 3:52:50 PM org.arquillian.cube.openshift.impl.utils.Containers delay
INFO: Checker [Number of pod(s) matching labels: {deploymentConfig=eap-app} is EQUAL 3] is ready.
Nov 13, 2018 3:52:50 PM org.arquillian.cube.openshift.impl.CEEnvironmentProcessor deleteOpenShiftResource
INFO: Deleting environment for org.jboss.test.arquillian.ce.eap72.Eap72ClusteringTest method testSessionWithProxy
Nov 13, 2018 3:52:50 PM org.arquillian.cube.kubernetes.impl.resources.KubernetesResourcesApplier removeKubernetesResourcesAtMethodScope
INFO: Deleting environment for org.jboss.test.arquillian.ce.eap72.Eap72ClusteringTest method testSessionWithProxy
]]></system-err>
  </testcase>
</testsuite>