<?xml version="1.0" encoding="UTF-8"?>
<testsuite xmlns:xsi="http://www.w3.org/2001/XMLSchema-instance" xsi:noNamespaceSchemaLocation="https://maven.apache.org/surefire/maven-surefire-plugin/xsd/surefire-test-report.xsd" name="org.jboss.test.arquillian.ce.eap72.Eap72HttpsTest" time="265.07" tests="2" errors="0" skipped="0" failures="0">
  <properties>
[...]
</properties>
  <testcase name="testInitialState" classname="org.jboss.test.arquillian.ce.eap72.Eap72HttpsTest" time="16.744"/>
  <testcase name="testCreatePerson" classname="org.jboss.test.arquillian.ce.eap72.Eap72HttpsTest" time="10.32"/>
</testsuite>